{"/Users/zacharnold/captains-stone-Upskill/src/controllers/feedback.ts": {"path":"/Users/zacharnold/captains-stone-Upskill/src/controllers/feedback.ts","statementMap":{"0":{"start":{"line":2,"column":0},"end":{"line":2,"column":52}},"1":{"start":{"line":3,"column":0},"end":{"line":3,"column":36}},"2":{"start":{"line":6,"column":0},"end":{"line":6,"column":72}},"3":{"start":{"line":7,"column":0},"end":{"line":7,"column":59}},"4":{"start":{"line":9,"column":20},"end":{"line":23,"column":2}},"5":{"start":{"line":9,"column":66},"end":{"line":23,"column":2}},"6":{"start":{"line":10,"column":2},"end":{"line":22,"column":null}},"7":{"start":{"line":11,"column":58},"end":{"line":11,"column":66}},"8":{"start":{"line":12,"column":31},"end":{"line":16,"column":null}},"9":{"start":{"line":18,"column":4},"end":{"line":18,"column":27}},"10":{"start":{"line":20,"column":4},"end":{"line":20,"column":65}},"11":{"start":{"line":21,"column":4},"end":{"line":21,"column":49}},"12":{"start":{"line":115,"column":2},"end":{"line":115,"column":13}},"13":{"start":{"line":26,"column":23},"end":{"line":60,"column":2}},"14":{"start":{"line":26,"column":69},"end":{"line":60,"column":2}},"15":{"start":{"line":27,"column":2},"end":{"line":59,"column":null}},"16":{"start":{"line":28,"column":46},"end":{"line":28,"column":55}},"17":{"start":{"line":29,"column":20},"end":{"line":29,"column":38}},"18":{"start":{"line":30,"column":30},"end":{"line":30,"column":62}},"19":{"start":{"line":31,"column":4},"end":{"line":55,"column":null}},"20":{"start":{"line":32,"column":31},"end":{"line":35,"column":8}},"21":{"start":{"line":36,"column":6},"end":{"line":43,"column":null}},"22":{"start":{"line":37,"column":8},"end":{"line":39,"column":11}},"23":{"start":{"line":41,"column":25},"end":{"line":41,"column":60}},"24":{"start":{"line":42,"column":8},"end":{"line":42,"column":41}},"25":{"start":{"line":45,"column":24},"end":{"line":45,"column":43}},"26":{"start":{"line":46,"column":19},"end":{"line":48,"column":8}},"27":{"start":{"line":49,"column":6},"end":{"line":54,"column":null}},"28":{"start":{"line":50,"column":8},"end":{"line":50,"column":58}},"29":{"start":{"line":52,"column":25},"end":{"line":52,"column":60}},"30":{"start":{"line":53,"column":8},"end":{"line":53,"column":41}},"31":{"start":{"line":57,"column":4},"end":{"line":57,"column":69}},"32":{"start":{"line":58,"column":4},"end":{"line":58,"column":49}},"33":{"start":{"line":116,"column":2},"end":{"line":116,"column":16}},"34":{"start":{"line":62,"column":23},"end":{"line":79,"column":2}},"35":{"start":{"line":62,"column":69},"end":{"line":79,"column":2}},"36":{"start":{"line":63,"column":17},"end":{"line":63,"column":27}},"37":{"start":{"line":64,"column":2},"end":{"line":78,"column":null}},"38":{"start":{"line":65,"column":31},"end":{"line":67,"column":6}},"39":{"start":{"line":68,"column":4},"end":{"line":74,"column":null}},"40":{"start":{"line":69,"column":6},"end":{"line":69,"column":61}},"41":{"start":{"line":71,"column":6},"end":{"line":73,"column":9}},"42":{"start":{"line":76,"column":4},"end":{"line":76,"column":62}},"43":{"start":{"line":77,"column":4},"end":{"line":77,"column":49}},"44":{"start":{"line":117,"column":2},"end":{"line":117,"column":16}},"45":{"start":{"line":81,"column":23},"end":{"line":96,"column":2}},"46":{"start":{"line":81,"column":69},"end":{"line":96,"column":2}},"47":{"start":{"line":82,"column":2},"end":{"line":95,"column":null}},"48":{"start":{"line":83,"column":19},"end":{"line":83,"column":29}},"49":{"start":{"line":84,"column":19},"end":{"line":84,"column":27}},"50":{"start":{"line":85,"column":21},"end":{"line":85,"column":62}},"51":{"start":{"line":86,"column":4},"end":{"line":91,"column":null}},"52":{"start":{"line":87,"column":6},"end":{"line":87,"column":60}},"53":{"start":{"line":89,"column":26},"end":{"line":89,"column":76}},"54":{"start":{"line":90,"column":6},"end":{"line":90,"column":42}},"55":{"start":{"line":93,"column":4},"end":{"line":93,"column":62}},"56":{"start":{"line":94,"column":4},"end":{"line":94,"column":49}},"57":{"start":{"line":118,"column":2},"end":{"line":118,"column":16}},"58":{"start":{"line":98,"column":23},"end":{"line":112,"column":2}},"59":{"start":{"line":98,"column":69},"end":{"line":112,"column":2}},"60":{"start":{"line":99,"column":2},"end":{"line":111,"column":null}},"61":{"start":{"line":100,"column":17},"end":{"line":100,"column":27}},"62":{"start":{"line":101,"column":19},"end":{"line":101,"column":60}},"63":{"start":{"line":102,"column":4},"end":{"line":107,"column":null}},"64":{"start":{"line":103,"column":6},"end":{"line":103,"column":61}},"65":{"start":{"line":105,"column":6},"end":{"line":105,"column":44}},"66":{"start":{"line":106,"column":6},"end":{"line":106,"column":39}},"67":{"start":{"line":109,"column":4},"end":{"line":109,"column":62}},"68":{"start":{"line":110,"column":4},"end":{"line":110,"column":49}},"69":{"start":{"line":119,"column":2},"end":{"line":119,"column":16}}},"fnMap":{"0":{"name":"(anonymous_8)","decl":{"start":{"line":9,"column":20},"end":{"line":9,"column":27}},"loc":{"start":{"line":9,"column":66},"end":{"line":23,"column":2}}},"1":{"name":"(anonymous_9)","decl":{"start":{"line":9,"column":66},"end":{"line":9,"column":null}},"loc":{"start":{"line":9,"column":66},"end":{"line":23,"column":1}}},"2":{"name":"(anonymous_10)","decl":{"start":{"line":26,"column":23},"end":{"line":26,"column":30}},"loc":{"start":{"line":26,"column":69},"end":{"line":60,"column":2}}},"3":{"name":"(anonymous_11)","decl":{"start":{"line":26,"column":69},"end":{"line":26,"column":null}},"loc":{"start":{"line":26,"column":69},"end":{"line":60,"column":1}}},"4":{"name":"(anonymous_12)","decl":{"start":{"line":62,"column":23},"end":{"line":62,"column":30}},"loc":{"start":{"line":62,"column":69},"end":{"line":79,"column":2}}},"5":{"name":"(anonymous_13)","decl":{"start":{"line":62,"column":69},"end":{"line":62,"column":null}},"loc":{"start":{"line":62,"column":69},"end":{"line":79,"column":1}}},"6":{"name":"(anonymous_14)","decl":{"start":{"line":81,"column":23},"end":{"line":81,"column":30}},"loc":{"start":{"line":81,"column":69},"end":{"line":96,"column":2}}},"7":{"name":"(anonymous_15)","decl":{"start":{"line":81,"column":69},"end":{"line":81,"column":null}},"loc":{"start":{"line":81,"column":69},"end":{"line":96,"column":1}}},"8":{"name":"(anonymous_16)","decl":{"start":{"line":98,"column":23},"end":{"line":98,"column":30}},"loc":{"start":{"line":98,"column":69},"end":{"line":112,"column":2}}},"9":{"name":"(anonymous_17)","decl":{"start":{"line":98,"column":69},"end":{"line":98,"column":null}},"loc":{"start":{"line":98,"column":69},"end":{"line":112,"column":1}}}},"branchMap":{"0":{"loc":{"start":{"line":31,"column":4},"end":{"line":55,"column":null}},"type":"if","locations":[{"start":{"line":31,"column":4},"end":{"line":55,"column":null}},{"start":{"line":44,"column":11},"end":{"line":55,"column":null}}]},"1":{"loc":{"start":{"line":36,"column":6},"end":{"line":43,"column":null}},"type":"if","locations":[{"start":{"line":36,"column":6},"end":{"line":43,"column":null}},{"start":{"line":40,"column":13},"end":{"line":43,"column":null}}]},"2":{"loc":{"start":{"line":49,"column":6},"end":{"line":54,"column":null}},"type":"if","locations":[{"start":{"line":49,"column":6},"end":{"line":54,"column":null}},{"start":{"line":51,"column":13},"end":{"line":54,"column":null}}]},"3":{"loc":{"start":{"line":68,"column":4},"end":{"line":74,"column":null}},"type":"if","locations":[{"start":{"line":68,"column":4},"end":{"line":74,"column":null}},{"start":{"line":70,"column":11},"end":{"line":74,"column":null}}]},"4":{"loc":{"start":{"line":86,"column":4},"end":{"line":91,"column":null}},"type":"if","locations":[{"start":{"line":86,"column":4},"end":{"line":91,"column":null}},{"start":{"line":88,"column":11},"end":{"line":91,"column":null}}]},"5":{"loc":{"start":{"line":102,"column":4},"end":{"line":107,"column":null}},"type":"if","locations":[{"start":{"line":102,"column":4},"end":{"line":107,"column":null}},{"start":{"line":104,"column":11},"end":{"line":107,"column":null}}]}},"s":{"0":1,"1":1,"2":1,"3":1,"4":1,"5":2,"6":2,"7":2,"8":2,"9":1,"10":1,"11":1,"12":1,"13":1,"14":2,"15":2,"16":2,"17":2,"18":2,"19":2,"20":2,"21":1,"22":1,"23":0,"24":0,"25":0,"26":0,"27":0,"28":0,"29":0,"30":0,"31":1,"32":1,"33":1,"34":1,"35":3,"36":3,"37":3,"38":3,"39":2,"40":1,"41":1,"42":1,"43":1,"44":1,"45":1,"46":3,"47":3,"48":3,"49":3,"50":3,"51":2,"52":1,"53":1,"54":1,"55":1,"56":1,"57":1,"58":1,"59":3,"60":3,"61":3,"62":3,"63":2,"64":1,"65":1,"66":1,"67":1,"68":1,"69":1},"f":{"0":2,"1":2,"2":2,"3":2,"4":3,"5":3,"6":3,"7":3,"8":3,"9":3},"b":{"0":[2,0],"1":[1,0],"2":[0,0],"3":[1,1],"4":[1,1],"5":[1,1]}}
,"/Users/zacharnold/captains-stone-Upskill/src/libs/logger.ts": {"path":"/Users/zacharnold/captains-stone-Upskill/src/libs/logger.ts","statementMap":{"0":{"start":{"line":1,"column":0},"end":{"line":1,"column":24}},"1":{"start":{"line":3,"column":15},"end":{"line":5,"column":2}},"2":{"start":{"line":6,"column":0},"end":{"line":6,"column":22}}},"fnMap":{},"branchMap":{},"s":{"0":1,"1":1,"2":1},"f":{},"b":{}}
,"/Users/zacharnold/captains-stone-Upskill/src/models/experience.model.ts": {"path":"/Users/zacharnold/captains-stone-Upskill/src/models/experience.model.ts","statementMap":{"0":{"start":{"line":1,"column":0},"end":{"line":1,"column":66}},"1":{"start":{"line":3,"column":0},"end":{"line":3,"column":36}},"2":{"start":{"line":38,"column":4},"end":{"line":75,"column":6}},"3":{"start":{"line":79,"column":4},"end":{"line":81,"column":7}},"4":{"start":{"line":15,"column":0},"end":{"line":15,"column":13}}},"fnMap":{"0":{"name":"(anonymous_0)","decl":{"start":{"line":37,"column":2},"end":{"line":37,"column":8}},"loc":{"start":{"line":37,"column":42},"end":{"line":76,"column":3}}},"1":{"name":"(anonymous_1)","decl":{"start":{"line":78,"column":2},"end":{"line":78,"column":8}},"loc":{"start":{"line":78,"column":55},"end":{"line":82,"column":3}}}},"branchMap":{},"s":{"0":1,"1":1,"2":0,"3":0,"4":1},"f":{"0":0,"1":0},"b":{}}
,"/Users/zacharnold/captains-stone-Upskill/src/models/feedback.model.ts": {"path":"/Users/zacharnold/captains-stone-Upskill/src/models/feedback.model.ts","statementMap":{"0":{"start":{"line":1,"column":0},"end":{"line":1,"column":66}},"1":{"start":{"line":3,"column":0},"end":{"line":3,"column":36}},"2":{"start":{"line":32,"column":4},"end":{"line":61,"column":6}},"3":{"start":{"line":65,"column":4},"end":{"line":67,"column":7}},"4":{"start":{"line":13,"column":0},"end":{"line":13,"column":13}}},"fnMap":{"0":{"name":"(anonymous_0)","decl":{"start":{"line":31,"column":2},"end":{"line":31,"column":8}},"loc":{"start":{"line":31,"column":42},"end":{"line":62,"column":3}}},"1":{"name":"(anonymous_1)","decl":{"start":{"line":64,"column":2},"end":{"line":64,"column":8}},"loc":{"start":{"line":64,"column":55},"end":{"line":68,"column":3}}}},"branchMap":{},"s":{"0":1,"1":1,"2":0,"3":0,"4":1},"f":{"0":0,"1":0},"b":{}}
,"/Users/zacharnold/captains-stone-Upskill/src/models/project.model.ts": {"path":"/Users/zacharnold/captains-stone-Upskill/src/models/project.model.ts","statementMap":{"0":{"start":{"line":1,"column":0},"end":{"line":1,"column":66}},"1":{"start":{"line":3,"column":0},"end":{"line":3,"column":36}},"2":{"start":{"line":29,"column":4},"end":{"line":53,"column":6}},"3":{"start":{"line":57,"column":4},"end":{"line":59,"column":7}},"4":{"start":{"line":12,"column":0},"end":{"line":12,"column":13}}},"fnMap":{"0":{"name":"(anonymous_0)","decl":{"start":{"line":28,"column":2},"end":{"line":28,"column":8}},"loc":{"start":{"line":28,"column":42},"end":{"line":54,"column":3}}},"1":{"name":"(anonymous_1)","decl":{"start":{"line":56,"column":2},"end":{"line":56,"column":8}},"loc":{"start":{"line":56,"column":55},"end":{"line":60,"column":3}}}},"branchMap":{},"s":{"0":1,"1":1,"2":0,"3":0,"4":1},"f":{"0":0,"1":0},"b":{}}
,"/Users/zacharnold/captains-stone-Upskill/src/models/user.model.ts": {"path":"/Users/zacharnold/captains-stone-Upskill/src/models/user.model.ts","statementMap":{"0":{"start":{"line":2,"column":0},"end":{"line":2,"column":66}},"1":{"start":{"line":4,"column":0},"end":{"line":4,"column":48}},"2":{"start":{"line":5,"column":0},"end":{"line":5,"column":44}},"3":{"start":{"line":6,"column":0},"end":{"line":6,"column":42}},"4":{"start":{"line":8,"column":0},"end":{"line":8,"column":null}},"5":{"start":{"line":9,"column":2},"end":{"line":9,"column":null}},"6":{"start":{"line":10,"column":2},"end":{"line":10,"column":null}},"7":{"start":{"line":52,"column":4},"end":{"line":123,"column":6}},"8":{"start":{"line":94,"column":14},"end":{"line":96,"column":null}},"9":{"start":{"line":95,"column":16},"end":{"line":95,"column":62}},"10":{"start":{"line":97,"column":14},"end":{"line":97,"column":26}},"11":{"start":{"line":128,"column":4},"end":{"line":128,"column":56}},"12":{"start":{"line":129,"column":4},"end":{"line":129,"column":54}},"13":{"start":{"line":130,"column":4},"end":{"line":130,"column":53}},"14":{"start":{"line":134,"column":4},"end":{"line":136,"column":null}},"15":{"start":{"line":135,"column":6},"end":{"line":135,"column":58}},"16":{"start":{"line":137,"column":4},"end":{"line":137,"column":16}},"17":{"start":{"line":25,"column":0},"end":{"line":25,"column":13}}},"fnMap":{"0":{"name":"(anonymous_7)","decl":{"start":{"line":8,"column":0},"end":{"line":8,"column":12}},"loc":{"start":{"line":8,"column":20},"end":{"line":11,"column":1}}},"1":{"name":"(anonymous_8)","decl":{"start":{"line":51,"column":2},"end":{"line":51,"column":8}},"loc":{"start":{"line":51,"column":42},"end":{"line":124,"column":3}}},"2":{"name":"(anonymous_9)","decl":{"start":{"line":93,"column":12},"end":{"line":93,"column":23}},"loc":{"start":{"line":93,"column":23},"end":{"line":98,"column":13}}},"3":{"name":"(anonymous_10)","decl":{"start":{"line":127,"column":2},"end":{"line":127,"column":8}},"loc":{"start":{"line":127,"column":55},"end":{"line":131,"column":3}}},"4":{"name":"(anonymous_11)","decl":{"start":{"line":133,"column":2},"end":{"line":133,"column":8}},"loc":{"start":{"line":133,"column":38},"end":{"line":138,"column":null}}}},"branchMap":{"0":{"loc":{"start":{"line":8,"column":12},"end":{"line":8,"column":null}},"type":"binary-expr","locations":[{"start":{"line":8,"column":12},"end":{"line":8,"column":20}},{"start":{"line":8,"column":12},"end":{"line":8,"column":null}}]},"1":{"loc":{"start":{"line":94,"column":14},"end":{"line":96,"column":null}},"type":"if","locations":[{"start":{"line":94,"column":14},"end":{"line":96,"column":null}}]},"2":{"loc":{"start":{"line":94,"column":18},"end":{"line":94,"column":77}},"type":"binary-expr","locations":[{"start":{"line":94,"column":18},"end":{"line":94,"column":46}},{"start":{"line":94,"column":50},"end":{"line":94,"column":77}}]},"3":{"loc":{"start":{"line":134,"column":4},"end":{"line":136,"column":null}},"type":"if","locations":[{"start":{"line":134,"column":4},"end":{"line":136,"column":null}}]}},"s":{"0":1,"1":1,"2":1,"3":1,"4":1,"5":1,"6":1,"7":0,"8":0,"9":0,"10":0,"11":0,"12":0,"13":0,"14":0,"15":0,"16":0,"17":1},"f":{"0":1,"1":0,"2":0,"3":0,"4":0},"b":{"0":[1,1],"1":[0],"2":[0,0],"3":[0]}}
,"/Users/zacharnold/captains-stone-Upskill/src/services/feedback.service.ts": {"path":"/Users/zacharnold/captains-stone-Upskill/src/services/feedback.service.ts","statementMap":{"0":{"start":{"line":1,"column":0},"end":{"line":1,"column":52}},"1":{"start":{"line":2,"column":0},"end":{"line":2,"column":43}},"2":{"start":{"line":6,"column":24},"end":{"line":6,"column":32}},"3":{"start":{"line":7,"column":4},"end":{"line":9,"column":null}},"4":{"start":{"line":8,"column":6},"end":{"line":8,"column":49}},"5":{"start":{"line":10,"column":4},"end":{"line":10,"column":46}},"6":{"start":{"line":11,"column":4},"end":{"line":11,"column":50}},"7":{"start":{"line":19,"column":24},"end":{"line":19,"column":32}},"8":{"start":{"line":20,"column":4},"end":{"line":22,"column":null}},"9":{"start":{"line":21,"column":6},"end":{"line":21,"column":49}},"10":{"start":{"line":23,"column":4},"end":{"line":23,"column":53}},"11":{"start":{"line":24,"column":4},"end":{"line":24,"column":50}},"12":{"start":{"line":25,"column":24},"end":{"line":25,"column":65}},"13":{"start":{"line":26,"column":4},"end":{"line":26,"column":23}},"14":{"start":{"line":35,"column":31},"end":{"line":40,"column":6}},"15":{"start":{"line":41,"column":4},"end":{"line":41,"column":50}},"16":{"start":{"line":42,"column":4},"end":{"line":42,"column":20}},"17":{"start":{"line":4,"column":0},"end":{"line":4,"column":21}}},"fnMap":{"0":{"name":"(anonymous_8)","decl":{"start":{"line":5,"column":2},"end":{"line":5,"column":8}},"loc":{"start":{"line":5,"column":49},"end":{"line":12,"column":null}}},"1":{"name":"(anonymous_10)","decl":{"start":{"line":14,"column":2},"end":{"line":14,"column":8}},"loc":{"start":{"line":17,"column":13},"end":{"line":27,"column":null}}},"2":{"name":"(anonymous_12)","decl":{"start":{"line":29,"column":2},"end":{"line":29,"column":8}},"loc":{"start":{"line":33,"column":24},"end":{"line":43,"column":null}}}},"branchMap":{"0":{"loc":{"start":{"line":7,"column":4},"end":{"line":9,"column":null}},"type":"if","locations":[{"start":{"line":7,"column":4},"end":{"line":9,"column":null}}]},"1":{"loc":{"start":{"line":20,"column":4},"end":{"line":22,"column":null}},"type":"if","locations":[{"start":{"line":20,"column":4},"end":{"line":22,"column":null}}]}},"s":{"0":1,"1":1,"2":0,"3":0,"4":0,"5":0,"6":0,"7":0,"8":0,"9":0,"10":0,"11":0,"12":0,"13":0,"14":0,"15":0,"16":0,"17":1},"f":{"0":0,"1":0,"2":0},"b":{"0":[0],"1":[0]}}
,"/Users/zacharnold/captains-stone-Upskill/src/services/page.service.ts": {"path":"/Users/zacharnold/captains-stone-Upskill/src/services/page.service.ts","statementMap":{"0":{"start":{"line":1,"column":29},"end":{"line":9,"column":1}},"1":{"start":{"line":2,"column":2},"end":{"line":4,"column":null}},"2":{"start":{"line":3,"column":4},"end":{"line":3,"column":65}},"3":{"start":{"line":5,"column":45},"end":{"line":5,"column":49}},"4":{"start":{"line":6,"column":22},"end":{"line":6,"column":38}},"5":{"start":{"line":7,"column":21},"end":{"line":7,"column":50}},"6":{"start":{"line":8,"column":2},"end":{"line":8,"column":55}},"7":{"start":{"line":1,"column":13},"end":{"line":1,"column":29}},"8":{"start":{"line":11,"column":29},"end":{"line":18,"column":1}},"9":{"start":{"line":12,"column":2},"end":{"line":14,"column":null}},"10":{"start":{"line":13,"column":4},"end":{"line":13,"column":53}},"11":{"start":{"line":15,"column":16},"end":{"line":15,"column":32}},"12":{"start":{"line":16,"column":17},"end":{"line":16,"column":40}},"13":{"start":{"line":17,"column":2},"end":{"line":17,"column":27}},"14":{"start":{"line":11,"column":13},"end":{"line":11,"column":29}}},"fnMap":{"0":{"name":"(anonymous_0)","decl":{"start":{"line":1,"column":29},"end":{"line":1,"column":30}},"loc":{"start":{"line":1,"column":72},"end":{"line":9,"column":1}}},"1":{"name":"(anonymous_1)","decl":{"start":{"line":11,"column":29},"end":{"line":11,"column":30}},"loc":{"start":{"line":11,"column":60},"end":{"line":18,"column":1}}}},"branchMap":{"0":{"loc":{"start":{"line":2,"column":2},"end":{"line":4,"column":null}},"type":"if","locations":[{"start":{"line":2,"column":2},"end":{"line":4,"column":null}}]},"1":{"loc":{"start":{"line":2,"column":6},"end":{"line":2,"column":27}},"type":"binary-expr","locations":[{"start":{"line":2,"column":6},"end":{"line":2,"column":14}},{"start":{"line":2,"column":18},"end":{"line":2,"column":27}}]},"2":{"loc":{"start":{"line":6,"column":22},"end":{"line":6,"column":38}},"type":"cond-expr","locations":[{"start":{"line":6,"column":29},"end":{"line":6,"column":34}},{"start":{"line":6,"column":37},"end":{"line":6,"column":38}}]},"3":{"loc":{"start":{"line":12,"column":2},"end":{"line":14,"column":null}},"type":"if","locations":[{"start":{"line":12,"column":2},"end":{"line":14,"column":null}}]},"4":{"loc":{"start":{"line":12,"column":6},"end":{"line":12,"column":26}},"type":"binary-expr","locations":[{"start":{"line":12,"column":6},"end":{"line":12,"column":14}},{"start":{"line":12,"column":18},"end":{"line":12,"column":26}}]},"5":{"loc":{"start":{"line":15,"column":16},"end":{"line":15,"column":32}},"type":"cond-expr","locations":[{"start":{"line":15,"column":23},"end":{"line":15,"column":28}},{"start":{"line":15,"column":31},"end":{"line":15,"column":32}}]},"6":{"loc":{"start":{"line":16,"column":17},"end":{"line":16,"column":40}},"type":"cond-expr","locations":[{"start":{"line":16,"column":24},"end":{"line":16,"column":36}},{"start":{"line":16,"column":39},"end":{"line":16,"column":40}}]}},"s":{"0":1,"1":0,"2":0,"3":0,"4":0,"5":0,"6":0,"7":1,"8":1,"9":2,"10":0,"11":2,"12":2,"13":2,"14":1},"f":{"0":0,"1":2},"b":{"0":[0],"1":[0,0],"2":[0,0],"3":[0],"4":[2,2],"5":[0,2],"6":[0,2]}}
,"/Users/zacharnold/captains-stone-Upskill/src/services/redis.service.ts": {"path":"/Users/zacharnold/captains-stone-Upskill/src/services/redis.service.ts","statementMap":{"0":{"start":{"line":3,"column":0},"end":{"line":3,"column":37}},"1":{"start":{"line":9,"column":4},"end":{"line":9,"column":40}},"2":{"start":{"line":13,"column":16},"end":{"line":13,"column":37}},"3":{"start":{"line":14,"column":14},"end":{"line":14,"column":53}},"4":{"start":{"line":18,"column":14},"end":{"line":18,"column":48}},"5":{"start":{"line":19,"column":18},"end":{"line":19,"column":31}},"6":{"start":{"line":20,"column":4},"end":{"line":20,"column":17}},"7":{"start":{"line":24,"column":14},"end":{"line":24,"column":48}},"8":{"start":{"line":6,"column":9},"end":{"line":6,"column":33}},"9":{"start":{"line":30,"column":0},"end":{"line":30,"column":28}}},"fnMap":{"0":{"name":"(anonymous_7)","decl":{"start":{"line":8,"column":2},"end":{"line":8,"column":8}},"loc":{"start":{"line":8,"column":31},"end":{"line":10,"column":null}}},"1":{"name":"(anonymous_9)","decl":{"start":{"line":12,"column":2},"end":{"line":12,"column":8}},"loc":{"start":{"line":12,"column":34},"end":{"line":15,"column":null}}},"2":{"name":"(anonymous_11)","decl":{"start":{"line":17,"column":2},"end":{"line":17,"column":8}},"loc":{"start":{"line":17,"column":27},"end":{"line":21,"column":null}}},"3":{"name":"(anonymous_13)","decl":{"start":{"line":23,"column":2},"end":{"line":23,"column":8}},"loc":{"start":{"line":23,"column":29},"end":{"line":25,"column":null}}}},"branchMap":{},"s":{"0":1,"1":0,"2":0,"3":0,"4":0,"5":0,"6":0,"7":0,"8":1,"9":1},"f":{"0":0,"1":0,"2":0,"3":0},"b":{}}
}
