TN:
SF:src/controllers/experience.ts
FN:8,(anonymous_8)
FN:11,(anonymous_9)
FN:36,(anonymous_10)
FN:39,(anonymous_11)
FN:80,(anonymous_12)
FN:83,(anonymous_13)
FN:103,(anonymous_14)
FN:106,(anonymous_15)
FN:131,(anonymous_16)
FN:131,(anonymous_17)
FNF:10
FNH:10
FNDA:2,(anonymous_8)
FNDA:2,(anonymous_9)
FNDA:2,(anonymous_10)
FNDA:2,(anonymous_11)
FNDA:3,(anonymous_12)
FNDA:3,(anonymous_13)
FNDA:3,(anonymous_14)
FNDA:3,(anonymous_15)
FNDA:3,(anonymous_16)
FNDA:3,(anonymous_17)
DA:2,1
DA:3,1
DA:5,1
DA:6,1
DA:8,1
DA:11,2
DA:13,2
DA:15,2
DA:16,2
DA:25,1
DA:28,1
DA:29,1
DA:31,1
DA:32,1
DA:36,1
DA:39,2
DA:40,2
DA:41,2
DA:43,2
DA:46,2
DA:47,2
DA:50,2
DA:54,1
DA:55,1
DA:56,1
DA:58,1
DA:59,0
DA:64,0
DA:65,0
DA:68,0
DA:69,0
DA:71,0
DA:72,0
DA:75,2
DA:76,2
DA:80,1
DA:83,3
DA:84,3
DA:85,3
DA:87,3
DA:91,2
DA:92,1
DA:94,2
DA:98,1
DA:99,1
DA:103,1
DA:106,3
DA:107,3
DA:108,3
DA:109,3
DA:110,3
DA:112,2
DA:113,1
DA:114,1
DA:117,2
DA:118,2
DA:122,2
DA:123,2
DA:124,2
DA:126,1
DA:127,1
DA:131,3
DA:132,3
DA:133,3
DA:134,3
DA:135,2
DA:136,1
DA:140,2
DA:141,2
DA:142,2
DA:143,2
DA:145,1
DA:146,1
DA:147,1
DA:149,2
DA:152,1
DA:153,1
DA:154,1
DA:155,1
DA:156,1
LF:80
LH:73
BRDA:47,0,0,2
BRDA:47,0,1,0
BRDA:54,1,0,1
BRDA:68,2,0,0
BRDA:91,3,0,1
BRDA:112,4,0,1
BRDA:135,5,0,1
BRF:7
BRH:5
end_of_record
TN:
SF:src/controllers/feedback.ts
FN:8,(anonymous_8)
FN:8,(anonymous_9)
FN:25,(anonymous_10)
FN:25,(anonymous_11)
FN:59,(anonymous_12)
FN:59,(anonymous_13)
FN:77,(anonymous_14)
FN:77,(anonymous_15)
FN:100,(anonymous_16)
FN:100,(anonymous_17)
FNF:10
FNH:10
FNDA:2,(anonymous_8)
FNDA:2,(anonymous_9)
FNDA:2,(anonymous_10)
FNDA:2,(anonymous_11)
FNDA:3,(anonymous_12)
FNDA:3,(anonymous_13)
FNDA:3,(anonymous_14)
FNDA:3,(anonymous_15)
FNDA:3,(anonymous_16)
FNDA:3,(anonymous_17)
DA:2,1
DA:3,1
DA:5,1
DA:6,1
DA:8,2
DA:9,2
DA:10,2
DA:11,2
DA:17,1
DA:18,1
DA:20,1
DA:21,1
DA:25,2
DA:26,2
DA:27,2
DA:28,2
DA:29,2
DA:30,2
DA:31,2
DA:35,1
DA:36,1
DA:40,1
DA:41,0
DA:43,0
DA:44,0
DA:47,0
DA:48,0
DA:50,0
DA:51,0
DA:54,2
DA:55,2
DA:59,3
DA:60,3
DA:61,3
DA:62,3
DA:65,2
DA:66,1
DA:68,2
DA:72,1
DA:73,1
DA:77,3
DA:78,3
DA:79,3
DA:80,3
DA:81,3
DA:82,2
DA:84,2
DA:85,1
DA:86,1
DA:89,2
DA:90,2
DA:92,2
DA:93,2
DA:95,1
DA:96,1
DA:100,3
DA:101,3
DA:102,3
DA:103,3
DA:104,2
DA:105,2
DA:106,1
DA:108,2
DA:109,2
DA:110,2
DA:112,1
DA:113,1
DA:118,1
DA:119,1
DA:120,1
DA:121,1
DA:122,1
LF:72
LH:65
BRDA:30,0,0,2
BRDA:30,0,1,0
BRDA:35,1,0,1
BRDA:47,2,0,0
BRDA:65,3,0,1
BRDA:84,4,0,1
BRDA:105,5,0,1
BRF:7
BRH:5
end_of_record
TN:
SF:src/controllers/projects.ts
FN:9,(anonymous_8)
FN:9,(anonymous_9)
FN:31,(anonymous_10)
FN:31,(anonymous_11)
FN:60,(anonymous_12)
FN:60,(anonymous_13)
FN:78,(anonymous_14)
FN:78,(anonymous_15)
FN:99,(anonymous_16)
FN:99,(anonymous_17)
FNF:10
FNH:10
FNDA:2,(anonymous_8)
FNDA:2,(anonymous_9)
FNDA:2,(anonymous_10)
FNDA:2,(anonymous_11)
FNDA:3,(anonymous_12)
FNDA:3,(anonymous_13)
FNDA:3,(anonymous_14)
FNDA:3,(anonymous_15)
FNDA:3,(anonymous_16)
FNDA:3,(anonymous_17)
DA:3,1
DA:4,1
DA:5,1
DA:7,1
DA:9,2
DA:10,2
DA:11,2
DA:12,2
DA:13,2
DA:18,1
DA:19,1
DA:22,1
DA:23,1
DA:25,1
DA:26,1
DA:28,1
DA:31,2
DA:32,2
DA:33,2
DA:35,2
DA:37,2
DA:38,2
DA:39,2
DA:40,1
DA:41,1
DA:43,1
DA:44,0
DA:46,0
DA:47,0
DA:48,0
DA:49,0
DA:51,0
DA:52,0
DA:55,2
DA:56,2
DA:60,3
DA:61,3
DA:62,3
DA:63,3
DA:64,2
DA:65,1
DA:67,2
DA:71,1
DA:72,1
DA:78,3
DA:79,3
DA:80,3
DA:81,3
DA:82,3
DA:84,2
DA:85,1
DA:88,2
DA:89,2
DA:90,2
DA:91,2
DA:92,2
DA:94,1
DA:95,1
DA:99,3
DA:100,3
DA:101,3
DA:102,3
DA:103,2
DA:104,1
DA:106,2
DA:107,2
DA:108,2
DA:109,2
DA:111,1
DA:112,1
DA:117,1
DA:118,1
DA:119,1
DA:120,1
DA:121,1
LF:75
LH:68
BRDA:38,0,0,2
BRDA:38,0,1,0
BRDA:40,1,0,1
BRDA:48,2,0,0
BRDA:64,3,0,1
BRDA:84,4,0,1
BRDA:103,5,0,1
BRF:7
BRH:5
end_of_record
TN:
SF:src/controllers/register.ts
FN:9,(anonymous_8)
FN:9,(anonymous_9)
FNF:2
FNH:2
FNDA:3,(anonymous_8)
FNDA:3,(anonymous_9)
DA:2,1
DA:3,1
DA:4,1
DA:7,1
DA:9,3
DA:10,3
DA:12,3
DA:13,3
DA:14,3
DA:15,2
DA:16,2
DA:27,1
DA:37,1
DA:39,1
DA:40,1
DA:43,1
DA:44,1
DA:48,1
LF:18
LH:18
BRF:0
BRH:0
end_of_record
TN:
SF:src/controllers/users.ts
FN:13,(anonymous_8)
FN:13,(anonymous_9)
FN:48,(anonymous_10)
FN:48,(anonymous_11)
FN:66,(anonymous_12)
FN:66,(anonymous_13)
FN:85,(anonymous_14)
FN:85,(anonymous_15)
FN:108,(anonymous_16)
FN:108,(anonymous_17)
FNF:10
FNH:6
FNDA:0,(anonymous_8)
FNDA:0,(anonymous_9)
FNDA:3,(anonymous_10)
FNDA:3,(anonymous_11)
FNDA:3,(anonymous_12)
FNDA:3,(anonymous_13)
FNDA:0,(anonymous_14)
FNDA:0,(anonymous_15)
FNDA:5,(anonymous_16)
FNDA:5,(anonymous_17)
DA:2,1
DA:3,1
DA:4,1
DA:6,1
DA:7,1
DA:8,1
DA:9,1
DA:10,1
DA:13,1
DA:14,0
DA:15,0
DA:17,0
DA:19,0
DA:20,0
DA:21,0
DA:22,0
DA:23,0
DA:25,0
DA:26,0
DA:29,0
DA:30,0
DA:34,0
DA:35,0
DA:37,0
DA:38,0
DA:41,0
DA:42,0
DA:48,3
DA:49,3
DA:50,3
DA:51,3
DA:52,2
DA:53,1
DA:57,2
DA:59,1
DA:60,1
DA:66,3
DA:67,3
DA:68,3
DA:69,3
DA:70,3
DA:71,2
DA:72,1
DA:73,1
DA:75,2
DA:76,2
DA:78,2
DA:80,1
DA:81,1
DA:85,1
DA:86,0
DA:87,0
DA:88,0
DA:89,0
DA:90,0
DA:94,0
DA:95,0
DA:96,0
DA:98,0
DA:101,0
DA:102,0
DA:108,5
DA:109,5
DA:110,5
DA:111,5
DA:112,3
DA:113,2
DA:117,3
DA:118,3
DA:120,2
DA:121,2
DA:125,1
LF:72
LH:43
BRDA:20,0,0,0
BRDA:20,0,1,0
BRDA:22,1,0,0
BRDA:34,2,0,0
BRDA:52,3,0,1
BRDA:71,4,0,1
BRDA:89,5,0,0
BRDA:89,5,1,0
BRDA:112,6,0,2
BRF:9
BRH:3
end_of_record
TN:
SF:src/libs/logger.ts
FNF:0
FNH:0
DA:1,8
DA:3,8
DA:6,8
LF:3
LH:3
BRF:0
BRH:0
end_of_record
TN:
SF:src/middleware/errorHandler.ts
FN:6,(anonymous_1)
FNF:1
FNH:1
FNDA:1,(anonymous_1)
DA:3,1
DA:6,1
DA:12,1
DA:13,1
DA:14,1
DA:16,0
DA:18,1
DA:21,1
LF:8
LH:7
BRDA:12,0,0,1
BRDA:12,0,1,0
BRF:2
BRH:1
end_of_record
TN:
SF:src/middleware/requestLog.ts
FN:5,(anonymous_1)
FNF:1
FNH:1
FNDA:1,(anonymous_1)
DA:3,1
DA:5,1
DA:6,1
DA:9,1
DA:12,1
LF:5
LH:5
BRF:0
BRH:0
end_of_record
TN:
SF:src/middleware/roles.ts
FN:7,(anonymous_8)
FN:11,(anonymous_9)
FNF:2
FNH:2
FNDA:1,(anonymous_8)
FNDA:1,(anonymous_9)
DA:2,1
DA:3,1
DA:5,1
DA:7,1
DA:11,1
DA:12,1
DA:15,1
DA:16,1
DA:17,1
DA:18,1
DA:19,1
DA:21,1
DA:22,1
DA:26,1
LF:14
LH:14
BRF:0
BRH:0
end_of_record
TN:
SF:src/models/experience.model.ts
FN:37,(anonymous_0)
FN:78,(anonymous_1)
FNF:2
FNH:0
FNDA:0,(anonymous_0)
FNDA:0,(anonymous_1)
DA:1,7
DA:3,7
DA:15,7
DA:38,0
DA:79,0
LF:5
LH:3
BRF:0
BRH:0
end_of_record
TN:
SF:src/models/feedback.model.ts
FN:31,(anonymous_0)
FN:64,(anonymous_1)
FNF:2
FNH:0
FNDA:0,(anonymous_0)
FNDA:0,(anonymous_1)
DA:1,7
DA:3,7
DA:13,7
DA:32,0
DA:65,0
LF:5
LH:3
BRF:0
BRH:0
end_of_record
TN:
SF:src/models/project.model.ts
FN:28,(anonymous_0)
FN:56,(anonymous_1)
FNF:2
FNH:0
FNDA:0,(anonymous_0)
FNDA:0,(anonymous_1)
DA:1,7
DA:3,7
DA:12,7
DA:29,0
DA:57,0
LF:5
LH:3
BRF:0
BRH:0
end_of_record
TN:
SF:src/models/user.model.ts
FN:8,(anonymous_7)
FN:51,(anonymous_8)
FN:93,(anonymous_9)
FN:127,(anonymous_10)
FN:133,(anonymous_11)
FNF:5
FNH:2
FNDA:6,(anonymous_7)
FNDA:0,(anonymous_8)
FNDA:0,(anonymous_9)
FNDA:0,(anonymous_10)
FNDA:1,(anonymous_11)
DA:2,6
DA:4,6
DA:5,6
DA:6,6
DA:8,6
DA:9,6
DA:10,6
DA:25,6
DA:52,0
DA:94,0
DA:95,0
DA:97,0
DA:128,0
DA:129,0
DA:130,0
DA:134,1
DA:135,0
DA:137,1
LF:18
LH:10
BRDA:8,0,0,6
BRDA:8,0,1,6
BRDA:94,1,0,0
BRDA:94,2,0,0
BRDA:94,2,1,0
BRDA:134,3,0,0
BRF:6
BRH:2
end_of_record
TN:
SF:src/services/auth.service.ts
FN:5,(anonymous_8)
FN:15,(anonymous_10)
FN:24,(anonymous_12)
FNF:3
FNH:3
FNDA:2,(anonymous_8)
FNDA:2,(anonymous_10)
FNDA:2,(anonymous_12)
DA:2,1
DA:4,1
DA:6,2
DA:7,0
DA:10,2
DA:11,2
DA:12,2
DA:16,2
DA:17,0
DA:20,2
DA:21,2
DA:25,2
DA:26,0
DA:29,2
DA:30,2
DA:31,2
LF:16
LH:13
BRDA:6,0,0,0
BRDA:16,1,0,0
BRDA:25,2,0,0
BRF:3
BRH:0
end_of_record
TN:
SF:src/services/page.service.ts
FN:1,(anonymous_0)
FN:11,(anonymous_1)
FNF:2
FNH:2
FNDA:10,(anonymous_0)
FNDA:9,(anonymous_1)
DA:1,5
DA:2,10
DA:3,3
DA:5,7
DA:6,4
DA:7,4
DA:8,4
DA:11,5
DA:12,9
DA:13,2
DA:15,7
DA:16,7
DA:17,7
LF:13
LH:13
BRDA:2,0,0,3
BRDA:2,1,0,10
BRDA:2,1,1,9
BRDA:6,2,0,4
BRDA:6,2,1,0
BRDA:12,3,0,2
BRDA:12,4,0,9
BRDA:12,4,1,8
BRDA:15,5,0,1
BRDA:15,5,1,6
BRDA:16,6,0,1
BRDA:16,6,1,6
BRF:12
BRH:11
end_of_record
TN:
SF:src/services/redis.service.ts
FN:8,(anonymous_7)
FN:12,(anonymous_9)
FN:17,(anonymous_11)
FN:23,(anonymous_13)
FNF:4
FNH:0
FNDA:0,(anonymous_7)
FNDA:0,(anonymous_9)
FNDA:0,(anonymous_11)
FNDA:0,(anonymous_13)
DA:3,4
DA:6,4
DA:9,0
DA:13,0
DA:14,0
DA:18,0
DA:19,0
DA:20,0
DA:24,0
DA:30,4
LF:10
LH:3
BRF:0
BRH:0
end_of_record
TN:
SF:src/services/user.service.ts
FN:4,(anonymous_0)
FNF:1
FNH:1
FNDA:2,(anonymous_0)
DA:4,2
DA:5,2
DA:6,1
DA:9,1
DA:22,1
DA:24,1
DA:38,1
DA:41,2
LF:8
LH:8
BRDA:5,0,0,1
BRF:1
BRH:1
end_of_record
