TN:
SF:src/controllers/feedback.ts
FN:9,(anonymous_8)
FN:9,(anonymous_9)
FN:26,(anonymous_10)
FN:26,(anonymous_11)
FN:62,(anonymous_12)
FN:62,(anonymous_13)
FN:81,(anonymous_14)
FN:81,(anonymous_15)
FN:98,(anonymous_16)
FN:98,(anonymous_17)
FNF:10
FNH:10
FNDA:2,(anonymous_8)
FNDA:2,(anonymous_9)
FNDA:2,(anonymous_10)
FNDA:2,(anonymous_11)
FNDA:3,(anonymous_12)
FNDA:3,(anonymous_13)
FNDA:3,(anonymous_14)
FNDA:3,(anonymous_15)
FNDA:3,(anonymous_16)
FNDA:3,(anonymous_17)
DA:2,1
DA:3,1
DA:6,1
DA:7,1
DA:9,2
DA:10,2
DA:11,2
DA:12,2
DA:18,1
DA:20,1
DA:21,1
DA:26,2
DA:27,2
DA:28,2
DA:29,2
DA:30,2
DA:31,2
DA:32,2
DA:36,1
DA:37,1
DA:41,0
DA:42,0
DA:45,0
DA:46,0
DA:49,0
DA:50,0
DA:52,0
DA:53,0
DA:57,1
DA:58,1
DA:62,3
DA:63,3
DA:64,3
DA:65,3
DA:68,2
DA:69,1
DA:71,1
DA:76,1
DA:77,1
DA:81,3
DA:82,3
DA:83,3
DA:84,3
DA:85,3
DA:86,2
DA:87,1
DA:89,1
DA:90,1
DA:93,1
DA:94,1
DA:98,3
DA:99,3
DA:100,3
DA:101,3
DA:102,2
DA:103,1
DA:105,1
DA:106,1
DA:109,1
DA:110,1
DA:115,1
DA:116,1
DA:117,1
DA:118,1
DA:119,1
LF:65
LH:57
BRDA:31,0,0,2
BRDA:31,0,1,0
BRDA:36,1,0,1
BRDA:36,1,1,0
BRDA:49,2,0,0
BRDA:49,2,1,0
BRDA:68,3,0,1
BRDA:68,3,1,1
BRDA:86,4,0,1
BRDA:86,4,1,1
BRDA:102,5,0,1
BRDA:102,5,1,1
BRF:12
BRH:8
end_of_record
TN:
SF:src/libs/logger.ts
FNF:0
FNH:0
DA:1,1
DA:3,1
DA:6,1
LF:3
LH:3
BRF:0
BRH:0
end_of_record
TN:
SF:src/models/experience.model.ts
FN:37,(anonymous_0)
FN:78,(anonymous_1)
FNF:2
FNH:0
FNDA:0,(anonymous_0)
FNDA:0,(anonymous_1)
DA:1,1
DA:3,1
DA:15,1
DA:38,0
DA:79,0
LF:5
LH:3
BRF:0
BRH:0
end_of_record
TN:
SF:src/models/feedback.model.ts
FN:31,(anonymous_0)
FN:64,(anonymous_1)
FNF:2
FNH:0
FNDA:0,(anonymous_0)
FNDA:0,(anonymous_1)
DA:1,1
DA:3,1
DA:13,1
DA:32,0
DA:65,0
LF:5
LH:3
BRF:0
BRH:0
end_of_record
TN:
SF:src/models/project.model.ts
FN:28,(anonymous_0)
FN:56,(anonymous_1)
FNF:2
FNH:0
FNDA:0,(anonymous_0)
FNDA:0,(anonymous_1)
DA:1,1
DA:3,1
DA:12,1
DA:29,0
DA:57,0
LF:5
LH:3
BRF:0
BRH:0
end_of_record
TN:
SF:src/models/user.model.ts
FN:8,(anonymous_7)
FN:51,(anonymous_8)
FN:93,(anonymous_9)
FN:127,(anonymous_10)
FN:133,(anonymous_11)
FNF:5
FNH:1
FNDA:1,(anonymous_7)
FNDA:0,(anonymous_8)
FNDA:0,(anonymous_9)
FNDA:0,(anonymous_10)
FNDA:0,(anonymous_11)
DA:2,1
DA:4,1
DA:5,1
DA:6,1
DA:8,1
DA:9,1
DA:10,1
DA:25,1
DA:52,0
DA:94,0
DA:95,0
DA:97,0
DA:128,0
DA:129,0
DA:130,0
DA:134,0
DA:135,0
DA:137,0
LF:18
LH:8
BRDA:8,0,0,1
BRDA:8,0,1,1
BRDA:94,1,0,0
BRDA:94,2,0,0
BRDA:94,2,1,0
BRDA:134,3,0,0
BRF:6
BRH:2
end_of_record
TN:
SF:src/services/feedback.service.ts
FN:5,(anonymous_8)
FN:14,(anonymous_10)
FN:29,(anonymous_12)
FNF:3
FNH:0
FNDA:0,(anonymous_8)
FNDA:0,(anonymous_10)
FNDA:0,(anonymous_12)
DA:1,1
DA:2,1
DA:4,1
DA:6,0
DA:7,0
DA:8,0
DA:10,0
DA:11,0
DA:19,0
DA:20,0
DA:21,0
DA:23,0
DA:24,0
DA:25,0
DA:26,0
DA:35,0
DA:41,0
DA:42,0
LF:18
LH:3
BRDA:7,0,0,0
BRDA:20,1,0,0
BRF:2
BRH:0
end_of_record
TN:
SF:src/services/page.service.ts
FN:1,(anonymous_0)
FN:11,(anonymous_1)
FNF:2
FNH:1
FNDA:0,(anonymous_0)
FNDA:2,(anonymous_1)
DA:1,1
DA:2,0
DA:3,0
DA:5,0
DA:6,0
DA:7,0
DA:8,0
DA:11,1
DA:12,2
DA:13,0
DA:15,2
DA:16,2
DA:17,2
LF:13
LH:6
BRDA:2,0,0,0
BRDA:2,1,0,0
BRDA:2,1,1,0
BRDA:6,2,0,0
BRDA:6,2,1,0
BRDA:12,3,0,0
BRDA:12,4,0,2
BRDA:12,4,1,2
BRDA:15,5,0,0
BRDA:15,5,1,2
BRDA:16,6,0,0
BRDA:16,6,1,2
BRF:12
BRH:4
end_of_record
TN:
SF:src/services/redis.service.ts
FN:8,(anonymous_7)
FN:12,(anonymous_9)
FN:17,(anonymous_11)
FN:23,(anonymous_13)
FNF:4
FNH:0
FNDA:0,(anonymous_7)
FNDA:0,(anonymous_9)
FNDA:0,(anonymous_11)
FNDA:0,(anonymous_13)
DA:3,1
DA:6,1
DA:9,0
DA:13,0
DA:14,0
DA:18,0
DA:19,0
DA:20,0
DA:24,0
DA:30,1
LF:10
LH:3
BRF:0
BRH:0
end_of_record
